Determining if the include file xlocale.h exists failed with the following output:
Change Dir: /home/sykim/github/c-study/c-json-parse/json-c-build/CMakeFiles/CMakeTmp

Run Build Command(s):/usr/bin/gmake -f Makefile cmTC_b1e59/fast && /usr/bin/gmake  -f CMakeFiles/cmTC_b1e59.dir/build.make CMakeFiles/cmTC_b1e59.dir/build
gmake[1]: Entering directory '/home/sykim/github/c-study/c-json-parse/json-c-build/CMakeFiles/CMakeTmp'
Building C object CMakeFiles/cmTC_b1e59.dir/CheckIncludeFile.c.o
/usr/bin/cc -D_GNU_SOURCE  -fPIE -o CMakeFiles/cmTC_b1e59.dir/CheckIncludeFile.c.o -c /home/sykim/github/c-study/c-json-parse/json-c-build/CMakeFiles/CMakeTmp/CheckIncludeFile.c
/home/sykim/github/c-study/c-json-parse/json-c-build/CMakeFiles/CMakeTmp/CheckIncludeFile.c:1:10: fatal error: xlocale.h: No such file or directory
 #include <xlocale.h>
          ^~~~~~~~~~~
compilation terminated.
gmake[1]: *** [CMakeFiles/cmTC_b1e59.dir/build.make:78: CMakeFiles/cmTC_b1e59.dir/CheckIncludeFile.c.o] Error 1
gmake[1]: Leaving directory '/home/sykim/github/c-study/c-json-parse/json-c-build/CMakeFiles/CMakeTmp'
gmake: *** [Makefile:127: cmTC_b1e59/fast] Error 2



Determining if the _isnan exist failed with the following output:
Change Dir: /home/sykim/github/c-study/c-json-parse/json-c-build/CMakeFiles/CMakeTmp

Run Build Command(s):/usr/bin/gmake -f Makefile cmTC_e3904/fast && /usr/bin/gmake  -f CMakeFiles/cmTC_e3904.dir/build.make CMakeFiles/cmTC_e3904.dir/build
gmake[1]: Entering directory '/home/sykim/github/c-study/c-json-parse/json-c-build/CMakeFiles/CMakeTmp'
Building C object CMakeFiles/cmTC_e3904.dir/CheckSymbolExists.c.o
/usr/bin/cc -D_GNU_SOURCE  -fPIE -o CMakeFiles/cmTC_e3904.dir/CheckSymbolExists.c.o -c /home/sykim/github/c-study/c-json-parse/json-c-build/CMakeFiles/CMakeTmp/CheckSymbolExists.c
/home/sykim/github/c-study/c-json-parse/json-c-build/CMakeFiles/CMakeTmp/CheckSymbolExists.c: In function ‘main’:
/home/sykim/github/c-study/c-json-parse/json-c-build/CMakeFiles/CMakeTmp/CheckSymbolExists.c:8:19: error: ‘_isnan’ undeclared (first use in this function)
   return ((int*)(&_isnan))[argc];
                   ^~~~~~
/home/sykim/github/c-study/c-json-parse/json-c-build/CMakeFiles/CMakeTmp/CheckSymbolExists.c:8:19: note: each undeclared identifier is reported only once for each function it appears in
gmake[1]: *** [CMakeFiles/cmTC_e3904.dir/build.make:78: CMakeFiles/cmTC_e3904.dir/CheckSymbolExists.c.o] Error 1
gmake[1]: Leaving directory '/home/sykim/github/c-study/c-json-parse/json-c-build/CMakeFiles/CMakeTmp'
gmake: *** [Makefile:127: cmTC_e3904/fast] Error 2


File /home/sykim/github/c-study/c-json-parse/json-c-build/CMakeFiles/CMakeTmp/CheckSymbolExists.c:
/* */
#include <float.h>

int main(int argc, char** argv)
{
  (void)argv;
#ifndef _isnan
  return ((int*)(&_isnan))[argc];
#else
  (void)argc;
  return 0;
#endif
}
Determining if the _finite exist failed with the following output:
Change Dir: /home/sykim/github/c-study/c-json-parse/json-c-build/CMakeFiles/CMakeTmp

Run Build Command(s):/usr/bin/gmake -f Makefile cmTC_4651d/fast && /usr/bin/gmake  -f CMakeFiles/cmTC_4651d.dir/build.make CMakeFiles/cmTC_4651d.dir/build
gmake[1]: Entering directory '/home/sykim/github/c-study/c-json-parse/json-c-build/CMakeFiles/CMakeTmp'
Building C object CMakeFiles/cmTC_4651d.dir/CheckSymbolExists.c.o
/usr/bin/cc -D_GNU_SOURCE  -fPIE -o CMakeFiles/cmTC_4651d.dir/CheckSymbolExists.c.o -c /home/sykim/github/c-study/c-json-parse/json-c-build/CMakeFiles/CMakeTmp/CheckSymbolExists.c
/home/sykim/github/c-study/c-json-parse/json-c-build/CMakeFiles/CMakeTmp/CheckSymbolExists.c: In function ‘main’:
/home/sykim/github/c-study/c-json-parse/json-c-build/CMakeFiles/CMakeTmp/CheckSymbolExists.c:8:19: error: ‘_finite’ undeclared (first use in this function)
   return ((int*)(&_finite))[argc];
                   ^~~~~~~
/home/sykim/github/c-study/c-json-parse/json-c-build/CMakeFiles/CMakeTmp/CheckSymbolExists.c:8:19: note: each undeclared identifier is reported only once for each function it appears in
gmake[1]: *** [CMakeFiles/cmTC_4651d.dir/build.make:78: CMakeFiles/cmTC_4651d.dir/CheckSymbolExists.c.o] Error 1
gmake[1]: Leaving directory '/home/sykim/github/c-study/c-json-parse/json-c-build/CMakeFiles/CMakeTmp'
gmake: *** [Makefile:127: cmTC_4651d/fast] Error 2


File /home/sykim/github/c-study/c-json-parse/json-c-build/CMakeFiles/CMakeTmp/CheckSymbolExists.c:
/* */
#include <float.h>

int main(int argc, char** argv)
{
  (void)argv;
#ifndef _finite
  return ((int*)(&_finite))[argc];
#else
  (void)argc;
  return 0;
#endif
}
Determining if the _doprnt exist failed with the following output:
Change Dir: /home/sykim/github/c-study/c-json-parse/json-c-build/CMakeFiles/CMakeTmp

Run Build Command(s):/usr/bin/gmake -f Makefile cmTC_6a4a9/fast && /usr/bin/gmake  -f CMakeFiles/cmTC_6a4a9.dir/build.make CMakeFiles/cmTC_6a4a9.dir/build
gmake[1]: Entering directory '/home/sykim/github/c-study/c-json-parse/json-c-build/CMakeFiles/CMakeTmp'
Building C object CMakeFiles/cmTC_6a4a9.dir/CheckSymbolExists.c.o
/usr/bin/cc -D_GNU_SOURCE  -fPIE -o CMakeFiles/cmTC_6a4a9.dir/CheckSymbolExists.c.o -c /home/sykim/github/c-study/c-json-parse/json-c-build/CMakeFiles/CMakeTmp/CheckSymbolExists.c
/home/sykim/github/c-study/c-json-parse/json-c-build/CMakeFiles/CMakeTmp/CheckSymbolExists.c: In function ‘main’:
/home/sykim/github/c-study/c-json-parse/json-c-build/CMakeFiles/CMakeTmp/CheckSymbolExists.c:8:19: error: ‘_doprnt’ undeclared (first use in this function); did you mean ‘fdopen’?
   return ((int*)(&_doprnt))[argc];
                   ^~~~~~~
                   fdopen
/home/sykim/github/c-study/c-json-parse/json-c-build/CMakeFiles/CMakeTmp/CheckSymbolExists.c:8:19: note: each undeclared identifier is reported only once for each function it appears in
gmake[1]: *** [CMakeFiles/cmTC_6a4a9.dir/build.make:78: CMakeFiles/cmTC_6a4a9.dir/CheckSymbolExists.c.o] Error 1
gmake[1]: Leaving directory '/home/sykim/github/c-study/c-json-parse/json-c-build/CMakeFiles/CMakeTmp'
gmake: *** [Makefile:127: cmTC_6a4a9/fast] Error 2


File /home/sykim/github/c-study/c-json-parse/json-c-build/CMakeFiles/CMakeTmp/CheckSymbolExists.c:
/* */
#include <stdio.h>

int main(int argc, char** argv)
{
  (void)argv;
#ifndef _doprnt
  return ((int*)(&_doprnt))[argc];
#else
  (void)argc;
  return 0;
#endif
}
Determining if the arc4random exist failed with the following output:
Change Dir: /home/sykim/github/c-study/c-json-parse/json-c-build/CMakeFiles/CMakeTmp

Run Build Command(s):/usr/bin/gmake -f Makefile cmTC_16047/fast && /usr/bin/gmake  -f CMakeFiles/cmTC_16047.dir/build.make CMakeFiles/cmTC_16047.dir/build
gmake[1]: Entering directory '/home/sykim/github/c-study/c-json-parse/json-c-build/CMakeFiles/CMakeTmp'
Building C object CMakeFiles/cmTC_16047.dir/CheckSymbolExists.c.o
/usr/bin/cc -D_GNU_SOURCE  -fPIE -o CMakeFiles/cmTC_16047.dir/CheckSymbolExists.c.o -c /home/sykim/github/c-study/c-json-parse/json-c-build/CMakeFiles/CMakeTmp/CheckSymbolExists.c
/home/sykim/github/c-study/c-json-parse/json-c-build/CMakeFiles/CMakeTmp/CheckSymbolExists.c: In function ‘main’:
/home/sykim/github/c-study/c-json-parse/json-c-build/CMakeFiles/CMakeTmp/CheckSymbolExists.c:8:19: error: ‘arc4random’ undeclared (first use in this function); did you mean ‘srandom’?
   return ((int*)(&arc4random))[argc];
                   ^~~~~~~~~~
                   srandom
/home/sykim/github/c-study/c-json-parse/json-c-build/CMakeFiles/CMakeTmp/CheckSymbolExists.c:8:19: note: each undeclared identifier is reported only once for each function it appears in
gmake[1]: *** [CMakeFiles/cmTC_16047.dir/build.make:78: CMakeFiles/cmTC_16047.dir/CheckSymbolExists.c.o] Error 1
gmake[1]: Leaving directory '/home/sykim/github/c-study/c-json-parse/json-c-build/CMakeFiles/CMakeTmp'
gmake: *** [Makefile:127: cmTC_16047/fast] Error 2


File /home/sykim/github/c-study/c-json-parse/json-c-build/CMakeFiles/CMakeTmp/CheckSymbolExists.c:
/* */
#include <stdlib.h>

int main(int argc, char** argv)
{
  (void)argv;
#ifndef arc4random
  return ((int*)(&arc4random))[argc];
#else
  (void)argc;
  return 0;
#endif
}
Determining if the include file bsd/stdlib.h exists failed with the following output:
Change Dir: /home/sykim/github/c-study/c-json-parse/json-c-build/CMakeFiles/CMakeTmp

Run Build Command(s):/usr/bin/gmake -f Makefile cmTC_8c05a/fast && /usr/bin/gmake  -f CMakeFiles/cmTC_8c05a.dir/build.make CMakeFiles/cmTC_8c05a.dir/build
gmake[1]: Entering directory '/home/sykim/github/c-study/c-json-parse/json-c-build/CMakeFiles/CMakeTmp'
Building C object CMakeFiles/cmTC_8c05a.dir/CheckIncludeFile.c.o
/usr/bin/cc -D_GNU_SOURCE  -fPIE -o CMakeFiles/cmTC_8c05a.dir/CheckIncludeFile.c.o -c /home/sykim/github/c-study/c-json-parse/json-c-build/CMakeFiles/CMakeTmp/CheckIncludeFile.c
/home/sykim/github/c-study/c-json-parse/json-c-build/CMakeFiles/CMakeTmp/CheckIncludeFile.c:1:10: fatal error: bsd/stdlib.h: No such file or directory
 #include <bsd/stdlib.h>
          ^~~~~~~~~~~~~~
compilation terminated.
gmake[1]: *** [CMakeFiles/cmTC_8c05a.dir/build.make:78: CMakeFiles/cmTC_8c05a.dir/CheckIncludeFile.c.o] Error 1
gmake[1]: Leaving directory '/home/sykim/github/c-study/c-json-parse/json-c-build/CMakeFiles/CMakeTmp'
gmake: *** [Makefile:127: cmTC_8c05a/fast] Error 2



Performing C SOURCE FILE Test HAS_GNU_WARNING_LONG failed with the following output:
Change Dir: /home/sykim/github/c-study/c-json-parse/json-c-build/CMakeFiles/CMakeTmp

Run Build Command(s):/usr/bin/gmake -f Makefile cmTC_21863/fast && /usr/bin/gmake  -f CMakeFiles/cmTC_21863.dir/build.make CMakeFiles/cmTC_21863.dir/build
gmake[1]: Entering directory '/home/sykim/github/c-study/c-json-parse/json-c-build/CMakeFiles/CMakeTmp'
Building C object CMakeFiles/cmTC_21863.dir/src.c.o
/usr/bin/cc -DHAS_GNU_WARNING_LONG -D_GNU_SOURCE  -fPIE -o CMakeFiles/cmTC_21863.dir/src.c.o -c /home/sykim/github/c-study/c-json-parse/json-c-build/CMakeFiles/CMakeTmp/src.c
/home/sykim/github/c-study/c-json-parse/json-c-build/CMakeFiles/CMakeTmp/src.c:3:9: warning: missing terminating " character
 __asm__(".section .gnu.json_object_get
         ^
/home/sykim/github/c-study/c-json-parse/json-c-build/CMakeFiles/CMakeTmp/src.c:3:9: error: missing terminating " character
 __asm__(".section .gnu.json_object_get
         ^~~~~~~~~~~~~~~~~~~~~~~~~~~~~~
/home/sykim/github/c-study/c-json-parse/json-c-build/CMakeFiles/CMakeTmp/src.c:4:2: error: expected string literal before ‘.’ token
  .ascii "Please link against libjson-c instead of libjson"
  ^
/home/sykim/github/c-study/c-json-parse/json-c-build/CMakeFiles/CMakeTmp/src.c:5:7: warning: missing terminating " character
  .text");
       ^
/home/sykim/github/c-study/c-json-parse/json-c-build/CMakeFiles/CMakeTmp/src.c:5:7: error: missing terminating " character
  .text");
       ^~~
gmake[1]: *** [CMakeFiles/cmTC_21863.dir/build.make:78: CMakeFiles/cmTC_21863.dir/src.c.o] Error 1
gmake[1]: Leaving directory '/home/sykim/github/c-study/c-json-parse/json-c-build/CMakeFiles/CMakeTmp'
gmake: *** [Makefile:127: cmTC_21863/fast] Error 2


Source file was:

extern void json_object_get();
__asm__(".section .gnu.json_object_get
	.ascii "Please link against libjson-c instead of libjson"
	.text");
int main(int c, char *v) { return 0;}

